<?xml version="1.0" encoding="UTF-8"?>
<!-- Generated by org.testng.reporters.JUnitReportReporter -->
<testsuite hostname="shashikumar-PC" name="com.system.WordpressLogin" tests="1" failures="0" timestamp="17 Jul 2016 19:29:14 GMT" time="50.329" errors="1">
  <testcase name="shash" time="50.329" classname="com.system.WordpressLogin">
    <error type="org.openqa.selenium.WebDriverException" message="Failed to connect to binary FirefoxBinary(C:\Program Files\Mozilla Firefox\firefox.exe) on port 7055; process output follows: 
false,&quot;signedState&quot;:2,&quot;seen&quot;:true}
1468783712512	addons.xpi	DEBUG	Updating XPIState for {&quot;id&quot;:&quot;sp@avast.com&quot;,&quot;syncGUID&quot;:&quot;JgsknL_A33CZ&quot;,&quot;location&quot;:&quot;winreg-app-global&quot;,&quot;version&quot;:&quot;10.3.5.39&quot;,&quot;type&quot;:&quot;extension&quot;,&quot;internalName&quot;:null,&quot;updateURL&quot;:null,&quot;updateKey&quot;:null,&quot;optionsURL&quot;:null,&quot;optionsType&quot;:null,&quot;aboutURL&quot;:null,&quot;icons&quot;:{},&quot;iconURL&quot;:&quot;chrome://sp/content/common/skin/img/logo-safeprice-48.png&quot;,&quot;icon64URL&quot;:null,&quot;defaultLocale&quot;:{&quot;name&quot;:&quot;Avast SafePrice&quot;,&quot;description&quot;:&quot;Safe shopping extension&quot;,&quot;creator&quot;:&quot;AVAST Software&quot;,&quot;homepageURL&quot;:&quot;http://www.avast.com/&quot;},&quot;visible&quot;:true,&quot;active&quot;:false,&quot;userDisabled&quot;:true,&quot;appDisabled&quot;:false,&quot;descriptor&quot;:&quot;C:\\Program Files\\AVAST Software\\Avast\\SafePrice\\FF&quot;,&quot;installDate&quot;:1468066278495,&quot;updateDate&quot;:1468066278495,&quot;applyBackgroundUpdates&quot;:1,&quot;bootstrap&quot;:true,&quot;skinnable&quot;:false,&quot;size&quot;:1877359,&quot;sourceURI&quot;:null,&quot;releaseNotesURI&quot;:null,&quot;softDisabled&quot;:false,&quot;foreignInstall&quot;:true,&quot;hasBinaryComponents&quot;:false,&quot;strictCompatibility&quot;:false,&quot;locales&quot;:[],&quot;targetApplications&quot;:[{&quot;id&quot;:&quot;{ec8030f7-c20a-464f-9b0e-13a3a9e97384}&quot;,&quot;minVersion&quot;:&quot;38.0a1&quot;,&quot;maxVersion&quot;:&quot;43.0&quot;}],&quot;targetPlatforms&quot;:[],&quot;multiprocessCompatible&quot;:false,&quot;signedState&quot;:2,&quot;seen&quot;:true}
1468783712513	DeferredSave.extensions.json	DEBUG	Save changes
1468783712514	addons.xpi	DEBUG	Updating database with changes to installed add-ons
1468783712514	addons.xpi-utils	DEBUG	Updating add-on states
1468783712517	addons.xpi-utils	DEBUG	Writing add-ons list
1468783712530	addons.xpi	DEBUG	Registering manifest for C:\Program Files\Mozilla Firefox\browser\features\e10srollout@mozilla.org.xpi
1468783712533	addons.xpi	DEBUG	Calling bootstrap method startup on e10srollout@mozilla.org version 1.0
1468783712534	addons.xpi	DEBUG	Registering manifest for C:\Program Files\Mozilla Firefox\browser\features\firefox@getpocket.com.xpi
1468783712538	addons.xpi	DEBUG	Calling bootstrap method startup on firefox@getpocket.com version 1.0.2
1468783712540	addons.xpi	DEBUG	Registering manifest for C:\Program Files\Mozilla Firefox\browser\features\loop@mozilla.org.xpi
1468783712549	addons.xpi	DEBUG	Calling bootstrap method startup on loop@mozilla.org version 1.3.2
1468783712616	addons.manager	DEBUG	Registering shutdown blocker for XPIProvider
1468783712617	addons.manager	DEBUG	Provider finished startup: XPIProvider
1468783712617	addons.manager	DEBUG	Starting provider: LightweightThemeManager
1468783712618	addons.manager	DEBUG	Registering shutdown blocker for LightweightThemeManager
1468783712618	addons.manager	DEBUG	Provider finished startup: LightweightThemeManager
1468783712620	addons.manager	DEBUG	Starting provider: GMPProvider
1468783712637	addons.manager	DEBUG	Registering shutdown blocker for GMPProvider
1468783712638	addons.manager	DEBUG	Provider finished startup: GMPProvider
1468783712638	addons.manager	DEBUG	Starting provider: PluginProvider
1468783712639	addons.manager	DEBUG	Registering shutdown blocker for PluginProvider
1468783712639	addons.manager	DEBUG	Provider finished startup: PluginProvider
1468783712640	addons.manager	DEBUG	Completed startup sequence
1468783717317	DeferredSave.extensions.json	DEBUG	Starting timer
1468783717348	addons.manager	DEBUG	Starting provider: &lt;unnamed-provider&gt;
1468783717348	addons.manager	DEBUG	Registering shutdown blocker for &lt;unnamed-provider&gt;
1468783717349	addons.manager	DEBUG	Provider finished startup: &lt;unnamed-provider&gt;
1468783717572	DeferredSave.extensions.json	DEBUG	Starting write
1468783717698	addons.repository	DEBUG	No addons.json found.
1468783717699	DeferredSave.addons.json	DEBUG	Save changes
1468783717708	DeferredSave.addons.json	DEBUG	Starting timer
1468783718109	addons.manager	DEBUG	Starting provider: PreviousExperimentProvider
1468783718109	addons.manager	DEBUG	Registering shutdown blocker for PreviousExperimentProvider
1468783718109	addons.manager	DEBUG	Provider finished startup: PreviousExperimentProvider
1468783718369	DeferredSave.addons.json	DEBUG	Starting write
1468783718387	DeferredSave.extensions.json	DEBUG	Write succeeded
1468783719266	DeferredSave.addons.json	DEBUG	Write succeeded

Build info: version: &#039;2.53.0&#039;, revision: &#039;35ae25b&#039;, time: &#039;2016-03-15 16:57:40&#039;
System info: host: &#039;shashikumar-PC&#039;, ip: &#039;192.168.2.7&#039;, os.name: &#039;Windows 7&#039;, os.arch: &#039;x86&#039;, os.version: &#039;6.1&#039;, java.version: &#039;1.7.0-ea&#039;
Driver info: driver.version: FirefoxDriver">
      <![CDATA[org.openqa.selenium.WebDriverException: Failed to connect to binary FirefoxBinary(C:\Program Files\Mozilla Firefox\firefox.exe) on port 7055; process output follows: 
false,"signedState":2,"seen":true}
1468783712512	addons.xpi	DEBUG	Updating XPIState for {"id":"sp@avast.com","syncGUID":"JgsknL_A33CZ","location":"winreg-app-global","version":"10.3.5.39","type":"extension","internalName":null,"updateURL":null,"updateKey":null,"optionsURL":null,"optionsType":null,"aboutURL":null,"icons":{},"iconURL":"chrome://sp/content/common/skin/img/logo-safeprice-48.png","icon64URL":null,"defaultLocale":{"name":"Avast SafePrice","description":"Safe shopping extension","creator":"AVAST Software","homepageURL":"http://www.avast.com/"},"visible":true,"active":false,"userDisabled":true,"appDisabled":false,"descriptor":"C:\\Program Files\\AVAST Software\\Avast\\SafePrice\\FF","installDate":1468066278495,"updateDate":1468066278495,"applyBackgroundUpdates":1,"bootstrap":true,"skinnable":false,"size":1877359,"sourceURI":null,"releaseNotesURI":null,"softDisabled":false,"foreignInstall":true,"hasBinaryComponents":false,"strictCompatibility":false,"locales":[],"targetApplications":[{"id":"{ec8030f7-c20a-464f-9b0e-13a3a9e97384}","minVersion":"38.0a1","maxVersion":"43.0"}],"targetPlatforms":[],"multiprocessCompatible":false,"signedState":2,"seen":true}
1468783712513	DeferredSave.extensions.json	DEBUG	Save changes
1468783712514	addons.xpi	DEBUG	Updating database with changes to installed add-ons
1468783712514	addons.xpi-utils	DEBUG	Updating add-on states
1468783712517	addons.xpi-utils	DEBUG	Writing add-ons list
1468783712530	addons.xpi	DEBUG	Registering manifest for C:\Program Files\Mozilla Firefox\browser\features\e10srollout@mozilla.org.xpi
1468783712533	addons.xpi	DEBUG	Calling bootstrap method startup on e10srollout@mozilla.org version 1.0
1468783712534	addons.xpi	DEBUG	Registering manifest for C:\Program Files\Mozilla Firefox\browser\features\firefox@getpocket.com.xpi
1468783712538	addons.xpi	DEBUG	Calling bootstrap method startup on firefox@getpocket.com version 1.0.2
1468783712540	addons.xpi	DEBUG	Registering manifest for C:\Program Files\Mozilla Firefox\browser\features\loop@mozilla.org.xpi
1468783712549	addons.xpi	DEBUG	Calling bootstrap method startup on loop@mozilla.org version 1.3.2
1468783712616	addons.manager	DEBUG	Registering shutdown blocker for XPIProvider
1468783712617	addons.manager	DEBUG	Provider finished startup: XPIProvider
1468783712617	addons.manager	DEBUG	Starting provider: LightweightThemeManager
1468783712618	addons.manager	DEBUG	Registering shutdown blocker for LightweightThemeManager
1468783712618	addons.manager	DEBUG	Provider finished startup: LightweightThemeManager
1468783712620	addons.manager	DEBUG	Starting provider: GMPProvider
1468783712637	addons.manager	DEBUG	Registering shutdown blocker for GMPProvider
1468783712638	addons.manager	DEBUG	Provider finished startup: GMPProvider
1468783712638	addons.manager	DEBUG	Starting provider: PluginProvider
1468783712639	addons.manager	DEBUG	Registering shutdown blocker for PluginProvider
1468783712639	addons.manager	DEBUG	Provider finished startup: PluginProvider
1468783712640	addons.manager	DEBUG	Completed startup sequence
1468783717317	DeferredSave.extensions.json	DEBUG	Starting timer
1468783717348	addons.manager	DEBUG	Starting provider: <unnamed-provider>
1468783717348	addons.manager	DEBUG	Registering shutdown blocker for <unnamed-provider>
1468783717349	addons.manager	DEBUG	Provider finished startup: <unnamed-provider>
1468783717572	DeferredSave.extensions.json	DEBUG	Starting write
1468783717698	addons.repository	DEBUG	No addons.json found.
1468783717699	DeferredSave.addons.json	DEBUG	Save changes
1468783717708	DeferredSave.addons.json	DEBUG	Starting timer
1468783718109	addons.manager	DEBUG	Starting provider: PreviousExperimentProvider
1468783718109	addons.manager	DEBUG	Registering shutdown blocker for PreviousExperimentProvider
1468783718109	addons.manager	DEBUG	Provider finished startup: PreviousExperimentProvider
1468783718369	DeferredSave.addons.json	DEBUG	Starting write
1468783718387	DeferredSave.extensions.json	DEBUG	Write succeeded
1468783719266	DeferredSave.addons.json	DEBUG	Write succeeded

Build info: version: '2.53.0', revision: '35ae25b', time: '2016-03-15 16:57:40'
System info: host: 'shashikumar-PC', ip: '192.168.2.7', os.name: 'Windows 7', os.arch: 'x86', os.version: '6.1', java.version: '1.7.0-ea'
Driver info: driver.version: FirefoxDriver
	at org.openqa.selenium.firefox.internal.NewProfileExtensionConnection.start(NewProfileExtensionConnection.java:124)
	at org.openqa.selenium.firefox.FirefoxDriver.startClient(FirefoxDriver.java:271)
	at org.openqa.selenium.remote.RemoteWebDriver.<init>(RemoteWebDriver.java:119)
	at org.openqa.selenium.firefox.FirefoxDriver.<init>(FirefoxDriver.java:218)
	at org.openqa.selenium.firefox.FirefoxDriver.<init>(FirefoxDriver.java:211)
	at org.openqa.selenium.firefox.FirefoxDriver.<init>(FirefoxDriver.java:207)
	at org.openqa.selenium.firefox.FirefoxDriver.<init>(FirefoxDriver.java:120)
	at com.system.WordpressLogin.shash(WordpressLogin.java:11)
	at sun.reflect.NativeMethodAccessorImpl.invoke0(Native Method)
	at sun.reflect.NativeMethodAccessorImpl.invoke(NativeMethodAccessorImpl.java:57)
	at sun.reflect.DelegatingMethodAccessorImpl.invoke(DelegatingMethodAccessorImpl.java:43)
	at java.lang.reflect.Method.invoke(Method.java:613)
	at org.testng.internal.MethodInvocationHelper.invokeMethod(MethodInvocationHelper.java:85)
	at org.testng.internal.Invoker.invokeMethod(Invoker.java:639)
	at org.testng.internal.Invoker.invokeTestMethod(Invoker.java:816)
	at org.testng.internal.Invoker.invokeTestMethods(Invoker.java:1124)
	at org.testng.internal.TestMethodWorker.invokeTestMethods(TestMethodWorker.java:125)
	at org.testng.internal.TestMethodWorker.run(TestMethodWorker.java:108)
	at org.testng.TestRunner.privateRun(TestRunner.java:774)
	at org.testng.TestRunner.run(TestRunner.java:624)
	at org.testng.SuiteRunner.runTest(SuiteRunner.java:359)
	at org.testng.SuiteRunner.runSequentially(SuiteRunner.java:354)
	at org.testng.SuiteRunner.privateRun(SuiteRunner.java:312)
	at org.testng.SuiteRunner.run(SuiteRunner.java:261)
	at org.testng.SuiteRunnerWorker.runSuite(SuiteRunnerWorker.java:52)
	at org.testng.SuiteRunnerWorker.run(SuiteRunnerWorker.java:86)
	at org.testng.TestNG.runSuitesSequentially(TestNG.java:1215)
	at org.testng.TestNG.runSuitesLocally(TestNG.java:1140)
	at org.testng.TestNG.run(TestNG.java:1048)
	at org.testng.remote.RemoteTestNG.run(RemoteTestNG.java:112)
	at org.testng.remote.RemoteTestNG.initAndRun(RemoteTestNG.java:205)
	at org.testng.remote.RemoteTestNG.main(RemoteTestNG.java:176)
Caused by: org.openqa.selenium.firefox.NotConnectedException: Unable to connect to host 127.0.0.1 on port 7055 after 45000 ms. Firefox console output:
false,"signedState":2,"seen":true}
1468783712512	addons.xpi	DEBUG	Updating XPIState for {"id":"sp@avast.com","syncGUID":"JgsknL_A33CZ","location":"winreg-app-global","version":"10.3.5.39","type":"extension","internalName":null,"updateURL":null,"updateKey":null,"optionsURL":null,"optionsType":null,"aboutURL":null,"icons":{},"iconURL":"chrome://sp/content/common/skin/img/logo-safeprice-48.png","icon64URL":null,"defaultLocale":{"name":"Avast SafePrice","description":"Safe shopping extension","creator":"AVAST Software","homepageURL":"http://www.avast.com/"},"visible":true,"active":false,"userDisabled":true,"appDisabled":false,"descriptor":"C:\\Program Files\\AVAST Software\\Avast\\SafePrice\\FF","installDate":1468066278495,"updateDate":1468066278495,"applyBackgroundUpdates":1,"bootstrap":true,"skinnable":false,"size":1877359,"sourceURI":null,"releaseNotesURI":null,"softDisabled":false,"foreignInstall":true,"hasBinaryComponents":false,"strictCompatibility":false,"locales":[],"targetApplications":[{"id":"{ec8030f7-c20a-464f-9b0e-13a3a9e97384}","minVersion":"38.0a1","maxVersion":"43.0"}],"targetPlatforms":[],"multiprocessCompatible":false,"signedState":2,"seen":true}
1468783712513	DeferredSave.extensions.json	DEBUG	Save changes
1468783712514	addons.xpi	DEBUG	Updating database with changes to installed add-ons
1468783712514	addons.xpi-utils	DEBUG	Updating add-on states
1468783712517	addons.xpi-utils	DEBUG	Writing add-ons list
1468783712530	addons.xpi	DEBUG	Registering manifest for C:\Program Files\Mozilla Firefox\browser\features\e10srollout@mozilla.org.xpi
1468783712533	addons.xpi	DEBUG	Calling bootstrap method startup on e10srollout@mozilla.org version 1.0
1468783712534	addons.xpi	DEBUG	Registering manifest for C:\Program Files\Mozilla Firefox\browser\features\firefox@getpocket.com.xpi
1468783712538	addons.xpi	DEBUG	Calling bootstrap method startup on firefox@getpocket.com version 1.0.2
1468783712540	addons.xpi	DEBUG	Registering manifest for C:\Program Files\Mozilla Firefox\browser\features\loop@mozilla.org.xpi
1468783712549	addons.xpi	DEBUG	Calling bootstrap method startup on loop@mozilla.org version 1.3.2
1468783712616	addons.manager	DEBUG	Registering shutdown blocker for XPIProvider
1468783712617	addons.manager	DEBUG	Provider finished startup: XPIProvider
1468783712617	addons.manager	DEBUG	Starting provider: LightweightThemeManager
1468783712618	addons.manager	DEBUG	Registering shutdown blocker for LightweightThemeManager
1468783712618	addons.manager	DEBUG	Provider finished startup: LightweightThemeManager
1468783712620	addons.manager	DEBUG	Starting provider: GMPProvider
1468783712637	addons.manager	DEBUG	Registering shutdown blocker for GMPProvider
1468783712638	addons.manager	DEBUG	Provider finished startup: GMPProvider
1468783712638	addons.manager	DEBUG	Starting provider: PluginProvider
1468783712639	addons.manager	DEBUG	Registering shutdown blocker for PluginProvider
1468783712639	addons.manager	DEBUG	Provider finished startup: PluginProvider
1468783712640	addons.manager	DEBUG	Completed startup sequence
1468783717317	DeferredSave.extensions.json	DEBUG	Starting timer
1468783717348	addons.manager	DEBUG	Starting provider: <unnamed-provider>
1468783717348	addons.manager	DEBUG	Registering shutdown blocker for <unnamed-provider>
1468783717349	addons.manager	DEBUG	Provider finished startup: <unnamed-provider>
1468783717572	DeferredSave.extensions.json	DEBUG	Starting write
1468783717698	addons.repository	DEBUG	No addons.json found.
1468783717699	DeferredSave.addons.json	DEBUG	Save changes
1468783717708	DeferredSave.addons.json	DEBUG	Starting timer
1468783718109	addons.manager	DEBUG	Starting provider: PreviousExperimentProvider
1468783718109	addons.manager	DEBUG	Registering shutdown blocker for PreviousExperimentProvider
1468783718109	addons.manager	DEBUG	Provider finished startup: PreviousExperimentProvider
1468783718369	DeferredSave.addons.json	DEBUG	Starting write
1468783718387	DeferredSave.extensions.json	DEBUG	Write succeeded
1468783719266	DeferredSave.addons.json	DEBUG	Write succeeded

	at org.openqa.selenium.firefox.internal.NewProfileExtensionConnection.start(NewProfileExtensionConnection.java:112)
	... 31 more
]]>
    </error>
  </testcase> <!-- shash -->
</testsuite> <!-- com.system.WordpressLogin -->
